<?xml version="1.0" encoding="UTF-8"?>
<testsuite xmlns:xsi="http://www.w3.org/2001/XMLSchema-instance" xsi:noNamespaceSchemaLocation="https://maven.apache.org/surefire/maven-surefire-plugin/xsd/surefire-test-report.xsd" name="com.taotao.fastdfs.TestFastDFS" time="0.153" tests="2" errors="0" skipped="0" failures="0">
  <properties>
[...]
</properties>
  <testcase name="uploadFile" classname="com.taotao.fastdfs.TestFastDFS" time="0.064"/>
  <testcase name="testFastDfsClient" classname="com.taotao.fastdfs.TestFastDFS" time="0.01"/>
</testsuite>